INFO:     Shutting down
INFO:     Waiting for application shutdown.
INFO:     Application shutdown complete.
INFO:     Finished server process [50842]
INFO:     Stopping reloader process [45582]
INFO:     Will watch for changes in these directories: ['/app']
INFO:     Uvicorn running on http://127.0.0.1:8000 (Press CTRL+C to quit)
INFO:     Started reloader process [52111] using StatReload
/app/api/services/recommender.py:1: FutureWarning:

All support for the `google.generativeai` package has ended. It will no longer be receiving
updates or bug fixes. Please switch to the `google.genai` package as soon as possible.
See README for more details:

https://github.com/google-gemini/deprecated-generative-ai-python/blob/main/README.md

  import google.generativeai as genai
INFO:     Started server process [52236]
INFO:     Waiting for application startup.
INFO:     Application startup complete.
WARNING:  StatReload detected changes in 'api/main.py'. Reloading...
WARNING:  StatReload detected changes in 'api/main.py'. Reloading...
INFO:     Shutting down
INFO:     Waiting for application shutdown.
INFO:     Application shutdown complete.
INFO:     Finished server process [52236]
/app/api/services/recommender.py:1: FutureWarning:

All support for the `google.generativeai` package has ended. It will no longer be receiving
updates or bug fixes. Please switch to the `google.genai` package as soon as possible.
See README for more details:

https://github.com/google-gemini/deprecated-generative-ai-python/blob/main/README.md

  import google.generativeai as genai
/app/api/services/recommender.py:1: FutureWarning:

All support for the `google.generativeai` package has ended. It will no longer be receiving
updates or bug fixes. Please switch to the `google.genai` package as soon as possible.
See README for more details:

https://github.com/google-gemini/deprecated-generative-ai-python/blob/main/README.md

  import google.generativeai as genai
INFO:     Started server process [62488]
INFO:     Started server process [62500]
INFO:     Waiting for application startup.
INFO:     Waiting for application startup.
INFO:     Application startup complete.
INFO:     Application startup complete.
ERROR:    Traceback (most recent call last):
  File "/home/jules/.pyenv/versions/3.12.12/lib/python3.12/asyncio/runners.py", line 195, in run
    return runner.run(main)
           ^^^^^^^^^^^^^^^^
  File "/home/jules/.pyenv/versions/3.12.12/lib/python3.12/asyncio/runners.py", line 118, in run
    return self._loop.run_until_complete(task)
           ^^^^^^^^^^^^^^^^^^^^^^^^^^^^^^^^^^^
  File "/home/jules/.pyenv/versions/3.12.12/lib/python3.12/asyncio/base_events.py", line 691, in run_until_complete
    return future.result()
           ^^^^^^^^^^^^^^^
  File "/home/jules/.pyenv/versions/3.12.12/lib/python3.12/site-packages/uvicorn/server.py", line 71, in serve
    await self._serve(sockets)
  File "/home/jules/.pyenv/versions/3.12.12/lib/python3.12/site-packages/uvicorn/server.py", line 86, in _serve
    await self.startup(sockets=sockets)
  File "/home/jules/.pyenv/versions/3.12.12/lib/python3.12/site-packages/uvicorn/server.py", line 136, in startup
    server = await loop.create_server(create_protocol, sock=sock, ssl=config.ssl, backlog=config.backlog)
             ^^^^^^^^^^^^^^^^^^^^^^^^^^^^^^^^^^^^^^^^^^^^^^^^^^^^^^^^^^^^^^^^^^^^^^^^^^^^^^^^^^^^^^^^^^^^
  File "/home/jules/.pyenv/versions/3.12.12/lib/python3.12/asyncio/base_events.py", line 1609, in create_server
    server._start_serving()
  File "/home/jules/.pyenv/versions/3.12.12/lib/python3.12/asyncio/base_events.py", line 316, in _start_serving
    sock.listen(self._backlog)
OSError: [Errno 98] Address already in use

During handling of the above exception, another exception occurred:

Traceback (most recent call last):
  File "/home/jules/.pyenv/versions/3.12.12/lib/python3.12/site-packages/starlette/routing.py", line 701, in lifespan
    await receive()
  File "/home/jules/.pyenv/versions/3.12.12/lib/python3.12/site-packages/uvicorn/lifespan/on.py", line 137, in receive
    return await self.receive_queue.get()
           ^^^^^^^^^^^^^^^^^^^^^^^^^^^^^^
  File "/home/jules/.pyenv/versions/3.12.12/lib/python3.12/asyncio/queues.py", line 158, in get
    await getter
asyncio.exceptions.CancelledError

Process SpawnProcess-8:
Traceback (most recent call last):
  File "/home/jules/.pyenv/versions/3.12.12/lib/python3.12/multiprocessing/process.py", line 314, in _bootstrap
    self.run()
  File "/home/jules/.pyenv/versions/3.12.12/lib/python3.12/multiprocessing/process.py", line 108, in run
    self._target(*self._args, **self._kwargs)
  File "/home/jules/.pyenv/versions/3.12.12/lib/python3.12/site-packages/uvicorn/_subprocess.py", line 80, in subprocess_started
    target(sockets=sockets)
  File "/home/jules/.pyenv/versions/3.12.12/lib/python3.12/site-packages/uvicorn/server.py", line 67, in run
    return asyncio_run(self.serve(sockets=sockets), loop_factory=self.config.get_loop_factory())
           ^^^^^^^^^^^^^^^^^^^^^^^^^^^^^^^^^^^^^^^^^^^^^^^^^^^^^^^^^^^^^^^^^^^^^^^^^^^^^^^^^^^^^
  File "/home/jules/.pyenv/versions/3.12.12/lib/python3.12/asyncio/runners.py", line 195, in run
    return runner.run(main)
           ^^^^^^^^^^^^^^^^
  File "/home/jules/.pyenv/versions/3.12.12/lib/python3.12/asyncio/runners.py", line 118, in run
    return self._loop.run_until_complete(task)
           ^^^^^^^^^^^^^^^^^^^^^^^^^^^^^^^^^^^
  File "/home/jules/.pyenv/versions/3.12.12/lib/python3.12/asyncio/base_events.py", line 691, in run_until_complete
    return future.result()
           ^^^^^^^^^^^^^^^
  File "/home/jules/.pyenv/versions/3.12.12/lib/python3.12/site-packages/uvicorn/server.py", line 71, in serve
    await self._serve(sockets)
  File "/home/jules/.pyenv/versions/3.12.12/lib/python3.12/site-packages/uvicorn/server.py", line 86, in _serve
    await self.startup(sockets=sockets)
  File "/home/jules/.pyenv/versions/3.12.12/lib/python3.12/site-packages/uvicorn/server.py", line 136, in startup
    server = await loop.create_server(create_protocol, sock=sock, ssl=config.ssl, backlog=config.backlog)
             ^^^^^^^^^^^^^^^^^^^^^^^^^^^^^^^^^^^^^^^^^^^^^^^^^^^^^^^^^^^^^^^^^^^^^^^^^^^^^^^^^^^^^^^^^^^^
  File "/home/jules/.pyenv/versions/3.12.12/lib/python3.12/asyncio/base_events.py", line 1609, in create_server
    server._start_serving()
  File "/home/jules/.pyenv/versions/3.12.12/lib/python3.12/asyncio/base_events.py", line 316, in _start_serving
    sock.listen(self._backlog)
OSError: [Errno 98] Address already in use
WARNING:  StatReload detected changes in 'api/auth.py'. Reloading...
WARNING:  StatReload detected changes in 'api/auth.py'. Reloading...
INFO:     Shutting down
INFO:     Waiting for application shutdown.
INFO:     Application shutdown complete.
INFO:     Finished server process [62500]
/app/api/services/recommender.py:1: FutureWarning:

All support for the `google.generativeai` package has ended. It will no longer be receiving
updates or bug fixes. Please switch to the `google.genai` package as soon as possible.
See README for more details:

https://github.com/google-gemini/deprecated-generative-ai-python/blob/main/README.md

  import google.generativeai as genai
/app/api/services/recommender.py:1: FutureWarning:

All support for the `google.generativeai` package has ended. It will no longer be receiving
updates or bug fixes. Please switch to the `google.genai` package as soon as possible.
See README for more details:

https://github.com/google-gemini/deprecated-generative-ai-python/blob/main/README.md

  import google.generativeai as genai
WARNING:  StatReload detected changes in 'api/main.py'. Reloading...
WARNING:  StatReload detected changes in 'api/main.py'. Reloading...
INFO:     Started server process [68248]
INFO:     Waiting for application startup.
INFO:     Started server process [68249]
INFO:     Waiting for application startup.
INFO:     Application startup complete.
INFO:     Application startup complete.
ERROR:    Traceback (most recent call last):
  File "/home/jules/.pyenv/versions/3.12.12/lib/python3.12/asyncio/runners.py", line 195, in run
    return runner.run(main)
           ^^^^^^^^^^^^^^^^
  File "/home/jules/.pyenv/versions/3.12.12/lib/python3.12/asyncio/runners.py", line 118, in run
    return self._loop.run_until_complete(task)
           ^^^^^^^^^^^^^^^^^^^^^^^^^^^^^^^^^^^
  File "/home/jules/.pyenv/versions/3.12.12/lib/python3.12/asyncio/base_events.py", line 691, in run_until_complete
    return future.result()
           ^^^^^^^^^^^^^^^
  File "/home/jules/.pyenv/versions/3.12.12/lib/python3.12/site-packages/uvicorn/server.py", line 71, in serve
    await self._serve(sockets)
  File "/home/jules/.pyenv/versions/3.12.12/lib/python3.12/site-packages/uvicorn/server.py", line 86, in _serve
    await self.startup(sockets=sockets)
  File "/home/jules/.pyenv/versions/3.12.12/lib/python3.12/site-packages/uvicorn/server.py", line 136, in startup
    server = await loop.create_server(create_protocol, sock=sock, ssl=config.ssl, backlog=config.backlog)
             ^^^^^^^^^^^^^^^^^^^^^^^^^^^^^^^^^^^^^^^^^^^^^^^^^^^^^^^^^^^^^^^^^^^^^^^^^^^^^^^^^^^^^^^^^^^^
  File "/home/jules/.pyenv/versions/3.12.12/lib/python3.12/asyncio/base_events.py", line 1609, in create_server
    server._start_serving()
  File "/home/jules/.pyenv/versions/3.12.12/lib/python3.12/asyncio/base_events.py", line 316, in _start_serving
    sock.listen(self._backlog)
OSError: [Errno 98] Address already in use

During handling of the above exception, another exception occurred:

Traceback (most recent call last):
  File "/home/jules/.pyenv/versions/3.12.12/lib/python3.12/site-packages/starlette/routing.py", line 701, in lifespan
    await receive()
  File "/home/jules/.pyenv/versions/3.12.12/lib/python3.12/site-packages/uvicorn/lifespan/on.py", line 137, in receive
    return await self.receive_queue.get()
           ^^^^^^^^^^^^^^^^^^^^^^^^^^^^^^
  File "/home/jules/.pyenv/versions/3.12.12/lib/python3.12/asyncio/queues.py", line 158, in get
    await getter
asyncio.exceptions.CancelledError

Process SpawnProcess-9:
Traceback (most recent call last):
  File "/home/jules/.pyenv/versions/3.12.12/lib/python3.12/multiprocessing/process.py", line 314, in _bootstrap
    self.run()
  File "/home/jules/.pyenv/versions/3.12.12/lib/python3.12/multiprocessing/process.py", line 108, in run
    self._target(*self._args, **self._kwargs)
  File "/home/jules/.pyenv/versions/3.12.12/lib/python3.12/site-packages/uvicorn/_subprocess.py", line 80, in subprocess_started
    target(sockets=sockets)
  File "/home/jules/.pyenv/versions/3.12.12/lib/python3.12/site-packages/uvicorn/server.py", line 67, in run
    return asyncio_run(self.serve(sockets=sockets), loop_factory=self.config.get_loop_factory())
           ^^^^^^^^^^^^^^^^^^^^^^^^^^^^^^^^^^^^^^^^^^^^^^^^^^^^^^^^^^^^^^^^^^^^^^^^^^^^^^^^^^^^^
  File "/home/jules/.pyenv/versions/3.12.12/lib/python3.12/asyncio/runners.py", line 195, in run
    return runner.run(main)
           ^^^^^^^^^^^^^^^^
  File "/home/jules/.pyenv/versions/3.12.12/lib/python3.12/asyncio/runners.py", line 118, in run
    return self._loop.run_until_complete(task)
           ^^^^^^^^^^^^^^^^^^^^^^^^^^^^^^^^^^^
  File "/home/jules/.pyenv/versions/3.12.12/lib/python3.12/asyncio/base_events.py", line 691, in run_until_complete
    return future.result()
           ^^^^^^^^^^^^^^^
  File "/home/jules/.pyenv/versions/3.12.12/lib/python3.12/site-packages/uvicorn/server.py", line 71, in serve
    await self._serve(sockets)
  File "/home/jules/.pyenv/versions/3.12.12/lib/python3.12/site-packages/uvicorn/server.py", line 86, in _serve
    await self.startup(sockets=sockets)
  File "/home/jules/.pyenv/versions/3.12.12/lib/python3.12/site-packages/uvicorn/server.py", line 136, in startup
    server = await loop.create_server(create_protocol, sock=sock, ssl=config.ssl, backlog=config.backlog)
             ^^^^^^^^^^^^^^^^^^^^^^^^^^^^^^^^^^^^^^^^^^^^^^^^^^^^^^^^^^^^^^^^^^^^^^^^^^^^^^^^^^^^^^^^^^^^
  File "/home/jules/.pyenv/versions/3.12.12/lib/python3.12/asyncio/base_events.py", line 1609, in create_server
    server._start_serving()
  File "/home/jules/.pyenv/versions/3.12.12/lib/python3.12/asyncio/base_events.py", line 316, in _start_serving
    sock.listen(self._backlog)
OSError: [Errno 98] Address already in use
/app/api/services/recommender.py:1: FutureWarning:

All support for the `google.generativeai` package has ended. It will no longer be receiving
updates or bug fixes. Please switch to the `google.genai` package as soon as possible.
See README for more details:

https://github.com/google-gemini/deprecated-generative-ai-python/blob/main/README.md

  import google.generativeai as genai
/app/api/services/recommender.py:1: FutureWarning:

All support for the `google.generativeai` package has ended. It will no longer be receiving
updates or bug fixes. Please switch to the `google.genai` package as soon as possible.
See README for more details:

https://github.com/google-gemini/deprecated-generative-ai-python/blob/main/README.md

  import google.generativeai as genai
INFO:     Started server process [68275]
INFO:     Waiting for application startup.
INFO:     Application startup complete.
INFO:     Started server process [68276]
INFO:     Waiting for application startup.
INFO:     Application startup complete.
ERROR:    Traceback (most recent call last):
  File "/home/jules/.pyenv/versions/3.12.12/lib/python3.12/asyncio/runners.py", line 195, in run
    return runner.run(main)
           ^^^^^^^^^^^^^^^^
  File "/home/jules/.pyenv/versions/3.12.12/lib/python3.12/asyncio/runners.py", line 118, in run
    return self._loop.run_until_complete(task)
           ^^^^^^^^^^^^^^^^^^^^^^^^^^^^^^^^^^^
  File "/home/jules/.pyenv/versions/3.12.12/lib/python3.12/asyncio/base_events.py", line 691, in run_until_complete
    return future.result()
           ^^^^^^^^^^^^^^^
  File "/home/jules/.pyenv/versions/3.12.12/lib/python3.12/site-packages/uvicorn/server.py", line 71, in serve
    await self._serve(sockets)
  File "/home/jules/.pyenv/versions/3.12.12/lib/python3.12/site-packages/uvicorn/server.py", line 86, in _serve
    await self.startup(sockets=sockets)
  File "/home/jules/.pyenv/versions/3.12.12/lib/python3.12/site-packages/uvicorn/server.py", line 136, in startup
    server = await loop.create_server(create_protocol, sock=sock, ssl=config.ssl, backlog=config.backlog)
             ^^^^^^^^^^^^^^^^^^^^^^^^^^^^^^^^^^^^^^^^^^^^^^^^^^^^^^^^^^^^^^^^^^^^^^^^^^^^^^^^^^^^^^^^^^^^
  File "/home/jules/.pyenv/versions/3.12.12/lib/python3.12/asyncio/base_events.py", line 1609, in create_server
    server._start_serving()
  File "/home/jules/.pyenv/versions/3.12.12/lib/python3.12/asyncio/base_events.py", line 316, in _start_serving
    sock.listen(self._backlog)
OSError: [Errno 98] Address already in use

During handling of the above exception, another exception occurred:

Traceback (most recent call last):
  File "/home/jules/.pyenv/versions/3.12.12/lib/python3.12/site-packages/starlette/routing.py", line 701, in lifespan
    await receive()
  File "/home/jules/.pyenv/versions/3.12.12/lib/python3.12/site-packages/uvicorn/lifespan/on.py", line 137, in receive
    return await self.receive_queue.get()
           ^^^^^^^^^^^^^^^^^^^^^^^^^^^^^^
  File "/home/jules/.pyenv/versions/3.12.12/lib/python3.12/asyncio/queues.py", line 158, in get
    await getter
asyncio.exceptions.CancelledError

Process SpawnProcess-10:
Traceback (most recent call last):
  File "/home/jules/.pyenv/versions/3.12.12/lib/python3.12/multiprocessing/process.py", line 314, in _bootstrap
    self.run()
  File "/home/jules/.pyenv/versions/3.12.12/lib/python3.12/multiprocessing/process.py", line 108, in run
    self._target(*self._args, **self._kwargs)
  File "/home/jules/.pyenv/versions/3.12.12/lib/python3.12/site-packages/uvicorn/_subprocess.py", line 80, in subprocess_started
    target(sockets=sockets)
  File "/home/jules/.pyenv/versions/3.12.12/lib/python3.12/site-packages/uvicorn/server.py", line 67, in run
    return asyncio_run(self.serve(sockets=sockets), loop_factory=self.config.get_loop_factory())
           ^^^^^^^^^^^^^^^^^^^^^^^^^^^^^^^^^^^^^^^^^^^^^^^^^^^^^^^^^^^^^^^^^^^^^^^^^^^^^^^^^^^^^
  File "/home/jules/.pyenv/versions/3.12.12/lib/python3.12/asyncio/runners.py", line 195, in run
    return runner.run(main)
           ^^^^^^^^^^^^^^^^
  File "/home/jules/.pyenv/versions/3.12.12/lib/python3.12/asyncio/runners.py", line 118, in run
    return self._loop.run_until_complete(task)
           ^^^^^^^^^^^^^^^^^^^^^^^^^^^^^^^^^^^
  File "/home/jules/.pyenv/versions/3.12.12/lib/python3.12/asyncio/base_events.py", line 691, in run_until_complete
    return future.result()
           ^^^^^^^^^^^^^^^
  File "/home/jules/.pyenv/versions/3.12.12/lib/python3.12/site-packages/uvicorn/server.py", line 71, in serve
    await self._serve(sockets)
  File "/home/jules/.pyenv/versions/3.12.12/lib/python3.12/site-packages/uvicorn/server.py", line 86, in _serve
    await self.startup(sockets=sockets)
  File "/home/jules/.pyenv/versions/3.12.12/lib/python3.12/site-packages/uvicorn/server.py", line 136, in startup
    server = await loop.create_server(create_protocol, sock=sock, ssl=config.ssl, backlog=config.backlog)
             ^^^^^^^^^^^^^^^^^^^^^^^^^^^^^^^^^^^^^^^^^^^^^^^^^^^^^^^^^^^^^^^^^^^^^^^^^^^^^^^^^^^^^^^^^^^^
  File "/home/jules/.pyenv/versions/3.12.12/lib/python3.12/asyncio/base_events.py", line 1609, in create_server
    server._start_serving()
  File "/home/jules/.pyenv/versions/3.12.12/lib/python3.12/asyncio/base_events.py", line 316, in _start_serving
    sock.listen(self._backlog)
OSError: [Errno 98] Address already in use
WARNING:  StatReload detected changes in 'api/main.py'. Reloading...
INFO:     Shutting down
INFO:     Waiting for application shutdown.
INFO:     Application shutdown complete.
INFO:     Finished server process [68275]
WARNING:  StatReload detected changes in 'api/main.py'. Reloading...
/app/api/services/recommender.py:1: FutureWarning:

All support for the `google.generativeai` package has ended. It will no longer be receiving
updates or bug fixes. Please switch to the `google.genai` package as soon as possible.
See README for more details:

https://github.com/google-gemini/deprecated-generative-ai-python/blob/main/README.md

  import google.generativeai as genai
/app/api/services/recommender.py:1: FutureWarning:

All support for the `google.generativeai` package has ended. It will no longer be receiving
updates or bug fixes. Please switch to the `google.genai` package as soon as possible.
See README for more details:

https://github.com/google-gemini/deprecated-generative-ai-python/blob/main/README.md

  import google.generativeai as genai
INFO:     Started server process [70325]
INFO:     Waiting for application startup.
INFO:     Started server process [70326]
INFO:     Waiting for application startup.
INFO:     Application startup complete.
INFO:     Application startup complete.
ERROR:    Traceback (most recent call last):
  File "/home/jules/.pyenv/versions/3.12.12/lib/python3.12/asyncio/runners.py", line 195, in run
    return runner.run(main)
           ^^^^^^^^^^^^^^^^
  File "/home/jules/.pyenv/versions/3.12.12/lib/python3.12/asyncio/runners.py", line 118, in run
    return self._loop.run_until_complete(task)
           ^^^^^^^^^^^^^^^^^^^^^^^^^^^^^^^^^^^
  File "/home/jules/.pyenv/versions/3.12.12/lib/python3.12/asyncio/base_events.py", line 691, in run_until_complete
    return future.result()
           ^^^^^^^^^^^^^^^
  File "/home/jules/.pyenv/versions/3.12.12/lib/python3.12/site-packages/uvicorn/server.py", line 71, in serve
    await self._serve(sockets)
  File "/home/jules/.pyenv/versions/3.12.12/lib/python3.12/site-packages/uvicorn/server.py", line 86, in _serve
    await self.startup(sockets=sockets)
  File "/home/jules/.pyenv/versions/3.12.12/lib/python3.12/site-packages/uvicorn/server.py", line 136, in startup
    server = await loop.create_server(create_protocol, sock=sock, ssl=config.ssl, backlog=config.backlog)
             ^^^^^^^^^^^^^^^^^^^^^^^^^^^^^^^^^^^^^^^^^^^^^^^^^^^^^^^^^^^^^^^^^^^^^^^^^^^^^^^^^^^^^^^^^^^^
  File "/home/jules/.pyenv/versions/3.12.12/lib/python3.12/asyncio/base_events.py", line 1609, in create_server
    server._start_serving()
  File "/home/jules/.pyenv/versions/3.12.12/lib/python3.12/asyncio/base_events.py", line 316, in _start_serving
    sock.listen(self._backlog)
OSError: [Errno 98] Address already in use

During handling of the above exception, another exception occurred:

Traceback (most recent call last):
  File "/home/jules/.pyenv/versions/3.12.12/lib/python3.12/site-packages/starlette/routing.py", line 701, in lifespan
    await receive()
  File "/home/jules/.pyenv/versions/3.12.12/lib/python3.12/site-packages/uvicorn/lifespan/on.py", line 137, in receive
    return await self.receive_queue.get()
           ^^^^^^^^^^^^^^^^^^^^^^^^^^^^^^
  File "/home/jules/.pyenv/versions/3.12.12/lib/python3.12/asyncio/queues.py", line 158, in get
    await getter
asyncio.exceptions.CancelledError

Process SpawnProcess-11:
Traceback (most recent call last):
  File "/home/jules/.pyenv/versions/3.12.12/lib/python3.12/multiprocessing/process.py", line 314, in _bootstrap
    self.run()
  File "/home/jules/.pyenv/versions/3.12.12/lib/python3.12/multiprocessing/process.py", line 108, in run
    self._target(*self._args, **self._kwargs)
  File "/home/jules/.pyenv/versions/3.12.12/lib/python3.12/site-packages/uvicorn/_subprocess.py", line 80, in subprocess_started
    target(sockets=sockets)
  File "/home/jules/.pyenv/versions/3.12.12/lib/python3.12/site-packages/uvicorn/server.py", line 67, in run
    return asyncio_run(self.serve(sockets=sockets), loop_factory=self.config.get_loop_factory())
           ^^^^^^^^^^^^^^^^^^^^^^^^^^^^^^^^^^^^^^^^^^^^^^^^^^^^^^^^^^^^^^^^^^^^^^^^^^^^^^^^^^^^^
  File "/home/jules/.pyenv/versions/3.12.12/lib/python3.12/asyncio/runners.py", line 195, in run
    return runner.run(main)
           ^^^^^^^^^^^^^^^^
  File "/home/jules/.pyenv/versions/3.12.12/lib/python3.12/asyncio/runners.py", line 118, in run
    return self._loop.run_until_complete(task)
           ^^^^^^^^^^^^^^^^^^^^^^^^^^^^^^^^^^^
  File "/home/jules/.pyenv/versions/3.12.12/lib/python3.12/asyncio/base_events.py", line 691, in run_until_complete
    return future.result()
           ^^^^^^^^^^^^^^^
  File "/home/jules/.pyenv/versions/3.12.12/lib/python3.12/site-packages/uvicorn/server.py", line 71, in serve
    await self._serve(sockets)
  File "/home/jules/.pyenv/versions/3.12.12/lib/python3.12/site-packages/uvicorn/server.py", line 86, in _serve
    await self.startup(sockets=sockets)
  File "/home/jules/.pyenv/versions/3.12.12/lib/python3.12/site-packages/uvicorn/server.py", line 136, in startup
    server = await loop.create_server(create_protocol, sock=sock, ssl=config.ssl, backlog=config.backlog)
             ^^^^^^^^^^^^^^^^^^^^^^^^^^^^^^^^^^^^^^^^^^^^^^^^^^^^^^^^^^^^^^^^^^^^^^^^^^^^^^^^^^^^^^^^^^^^
  File "/home/jules/.pyenv/versions/3.12.12/lib/python3.12/asyncio/base_events.py", line 1609, in create_server
    server._start_serving()
  File "/home/jules/.pyenv/versions/3.12.12/lib/python3.12/asyncio/base_events.py", line 316, in _start_serving
    sock.listen(self._backlog)
OSError: [Errno 98] Address already in use
Admin password reset to 'admin'.
